<?xml version="1.0" encoding="UTF-8"?>
<!-- Generated by org.testng.reporters.JUnitXMLReporter -->
<testsuite ignored="0" hostname="Lauras-MacBook-Pro.local" failures="0" tests="19" name="Default test" time="26.417" errors="0" timestamp="2024-04-04T07:56:00 WIB">
  <testcase classname="gorestautomation.feb2024.APITestAfterRefactor" name="createNewUserAPI" time="7.137"/>
  <testcase classname="gorestautomation.feb2024.APITestAfterRefactor" name="createNewUserAPI2" time="0.588"/>
  <testcase classname="gorestautomation.feb2024.APITestAfterRefactor" name="createNewUserAPI3" time="0.404"/>
  <testcase classname="gorestautomation.feb2024.APITestAfterRefactor" name="createNewUserAPI4" time="0.42"/>
  <testcase classname="gorestautomation.feb2024.APITestAfterRefactor" name="createNewUserAPI5" time="0.329"/>
  <testcase classname="gorestautomation.feb2024.APITestAfterRefactor" name="createNewUserAPI6" time="0.204"/>
  <testcase classname="gorestautomation.feb2024.APITestAfterRefactor" name="deleteUserAPI" time="0.548"/>
  <testcase classname="gorestautomation.feb2024.APITestAfterRefactor" name="deleteUserAPI2" time="0.429"/>
  <testcase classname="gorestautomation.feb2024.APITestAfterRefactor" name="getUserDetailAPI" time="6.256"/>
  <testcase classname="gorestautomation.feb2024.APITestAfterRefactor" name="getUserDetailAPI2" time="0.379"/>
  <testcase classname="gorestautomation.feb2024.APITestAfterRefactor" name="getUserDetailAPI3" time="0.378"/>
  <testcase classname="gorestautomation.feb2024.APITestAfterRefactor" name="getUserDetailAPI4" time="0.465"/>
  <testcase classname="gorestautomation.feb2024.APITestAfterRefactor" name="updateUserDetailsAPI" time="0.292"/>
  <testcase classname="gorestautomation.feb2024.APITestAfterRefactor" name="updateUserDetailsAPI2" time="0.367"/>
  <testcase classname="gorestautomation.feb2024.APITestAfterRefactor" name="updateUserDetailsAPI3" time="0.588"/>
  <testcase classname="gorestautomation.feb2024.APITestAfterRefactor" name="updateUserDetailsAPI4" time="0.447"/>
  <testcase classname="gorestautomation.feb2024.APITestAfterRefactor" name="updateUserDetailsAPI5" time="0.505"/>
  <testcase classname="gorestautomation.feb2024.APITestAfterRefactor" name="updateUserDetailsAPI6" time="0.323"/>
  <testcase classname="gorestautomation.feb2024.APITestAfterRefactor" name="updateUserDetailsAPI7" time="5.396"/>
</testsuite> <!-- Default test -->
